<?xml version="1.0" encoding="UTF-8"?>
<!-- Generated by org.testng.reporters.JUnitReportReporter -->
<testsuite ignored="0" hostname="DESKTOP-O7IBD6N" failures="0" tests="1" name="NewTest.NewTest" time="9.848" errors="0" timestamp="16 oct. 2021 15:51:26 GMT" skipped="0">
  <testcase classname="NewTest.NewTest" name="f" time="9.848"/>
</testsuite> <!-- NewTest.NewTest -->
